[INFO ][2017-06-07 19:17:16,877][ProtocolTest:17] Protocol [version=0, headerLen=0, packetLen=0, sequence=0, operation=0, body=null]
[INFO ][2017-06-07 19:21:18,078][ProtocolTest:24] Protocol [version=0, headerLen=0, packetLen=0, sequence=0, operation=0, body=null]
[INFO ][2017-06-07 19:44:07,251][ProtocolTest:37] Protocol [version=0headerLen=0packetLen=0sequence=0operation=0body=null]
[INFO ][2017-06-07 19:44:07,255][ProtocolTest:38] Protocol [version=0, headerLen=0, packetLen=0, sequence=0, operation=0, body=null]
[INFO ][2017-06-07 19:46:03,698][ProtocolTest:41] Protocol [, , , version=0, headerLen=0, packetLen=0, sequence=0, operation=0, body=null]
[INFO ][2017-06-07 19:46:03,703][ProtocolTest:42] Protocol [version=0, headerLen=0, packetLen=0, sequence=0, operation=0, body=null]
[INFO ][2017-06-07 19:46:45,913][ProtocolTest:41] Protocol [version=0, headerLen=0, packetLen=0, sequence=0, operation=0, body=null]
[INFO ][2017-06-07 19:46:45,918][ProtocolTest:42] Protocol [version=0, headerLen=0, packetLen=0, sequence=0, operation=0, body=null]
[INFO ][2017-06-07 19:48:38,379][ProtocolTest:42] Protocol [version=0, headerLen=0, packetLen=0, sequence=0, operation=0, body=[B@4aa8f0b4]
[INFO ][2017-06-07 19:48:38,384][ProtocolTest:43] Protocol [version=0, headerLen=0, packetLen=0, sequence=0, operation=0, body=张松]
[INFO ][2017-06-07 19:50:27,191][ProtocolTest:42] Protocol [version=0, headerLen=0, packetLen=0, sequence=0, operation=0, body=[B@4aa8f0b4]
[INFO ][2017-06-07 19:50:27,196][ProtocolTest:43] Protocol [version=0, headerLen=0, packetLen=0, sequence=0, operation=0, body=[B@4aa8f0b4]
[INFO ][2017-06-07 19:52:42,123][ProtocolTest:42] Protocol [version=0, headerLen=0, packetLen=0, sequence=0, operation=0, body=[B@4aa8f0b4]
[INFO ][2017-06-07 19:52:42,129][ProtocolTest:43] Protocol [version=0, headerLen=0, packetLen=0, sequence=0, operation=0, body=[B@4aa8f0b4]
[INFO ][2017-06-07 19:57:04,237][ProtocolTest:42] Protocol [version=0, headerLen=0, packetLen=0, sequence=0, operation=0, body=[B@4aa8f0b4]
[INFO ][2017-06-07 19:57:04,243][ProtocolTest:43] Protocol [version=0, headerLen=0, packetLen=0, sequence=0, operation=0, body=张松]
[INFO ][2017-06-07 19:57:17,009][ProtocolTest:41] Protocol [version=0, headerLen=0, packetLen=0, sequence=0, operation=0, body=null]
[INFO ][2017-06-07 19:57:17,015][ProtocolTest:42] Protocol [version=0, headerLen=0, packetLen=0, sequence=0, operation=0, body=null]
[INFO ][2017-06-14 15:32:34,146][MessageTest:50] {"msgId":10000,"conv":"private","type":"text","direction":"receive","from":"10001","fNick":"1001_nick","fAvatar":"1001_avatar","to":"1002","tNick":"1002_nick","tAvatar":"1002_avatar","created":1497425554133,"updated":1497425554133,"jbody":{"text":"这是一个文本消息","mtype":"text"}}
[INFO ][2017-06-14 15:32:34,160][MessageTest:57] Message [msgId=10000, conv=PRIVATE, type=TEXT, chId=null, direction=RECEIVE, from=10001, fNick=1001_nick, fAvatar=1001_avatar, to=1002, tNick=1002_nick, tAvatar=1002_avatar, created=Tue Jun 06 10:59:20 CST 2017, updated=Tue Jun 06 10:59:20 CST 2017, jbody=TextMessage [text=这是一个文本消息, MessageContent [mtype=null]]]
[INFO ][2017-06-14 15:32:34,165][ProtocolTest:41] Protocol [version=0, headerLen=0, packetLen=0, sequence=0, operation=0, body=null]
[INFO ][2017-06-14 15:32:34,168][ProtocolTest:42] Protocol [version=0, headerLen=0, packetLen=0, sequence=0, operation=0, body=null]
[INFO ][2017-06-14 15:34:31,064][MessageTest:50] {"msgId":10000,"conv":"private","type":"text","direction":"receive","from":"10001","fNick":"1001_nick","fAvatar":"1001_avatar","to":"1002","tNick":"1002_nick","tAvatar":"1002_avatar","created":1497425671052,"updated":1497425671052,"jbody":{"text":"这是一个文本消息","mtype":"text"}}
[INFO ][2017-06-14 15:34:31,080][MessageTest:57] Message [msgId=10000, conv=PRIVATE, type=TEXT, chId=null, direction=RECEIVE, from=10001, fNick=1001_nick, fAvatar=1001_avatar, to=1002, tNick=1002_nick, tAvatar=1002_avatar, created=Tue Jun 06 10:59:20 CST 2017, updated=Tue Jun 06 10:59:20 CST 2017, jbody=TextMessage [text=这是一个文本消息, MessageContent [mtype=null]]]
[INFO ][2017-06-14 15:34:31,084][ProtocolTest:41] Protocol [version=0, headerLen=0, packetLen=0, sequence=0, operation=0, body=null]
[INFO ][2017-06-14 15:34:31,089][ProtocolTest:42] Protocol [version=0, headerLen=0, packetLen=0, sequence=0, operation=0, body=null]
